BUILD LOG
---------
Build Time: 2013-08-15T15:47:30

NODEJS INFORMATION
==================
nodejs: v0.10.4
chai: 1.7.2
grunt: 0.4.1
grunt-audit: 0.0.1
grunt-contrib-uglify: 0.2.2
grunt-contrib-yuidoc: 0.4.0
grunt-karma: 0.5.0
karma: 0.9.7
karma-chrome-launcher: 0.0.2
karma-coffee-preprocessor: 0.0.3
karma-crbot-reporter: 0.0.3
karma-firefox-launcher: 0.0.3
karma-html2js-preprocessor: 0.0.2
karma-jasmine: 0.0.3
karma-mocha: 0.0.4
karma-phantomjs-launcher: 0.0.2
karma-requirejs: 0.0.3
karma-script-launcher: 0.0.2
mocha: 1.12.0

REPO REVISIONS
==============
polymer: a32f21b234129a290ea4931a2c6d7345f6825789
platform: 8645fe5180f3c122aa509f0c55c956b70ce4bd96
ShadowDOM: 9d8aa3b41401ebb215bb0879296ce85a28c30f98
HTMLImports: 71b260f6391bb6174c2699b538127c4cce78dbbd
CustomElements: 284aa7f202ddd9fd015a6f666e20af784e574e23
PointerEvents: 1fd01697ac021718453ea0ea8712246578dfc55f
PointerGestures: 128f4c1c30837f99f9b7282e8cc1ceaef112c2de
polymer-expressions: 3741c09c245e29db1d697a8bf40014c59800c76f
observe-js: 35498d97fa6dfe06d15cb7488f1186fa4f5d46ae
NodeBind: 1e32d4703ce57c31483834c4527c98b9b08597fb
TemplateBinding: 548f86d763051c59472ad17ac0274efe55cf9d4f

BUILD HASHES
============
polymer.min.js: c30beb09f0b3d02fdc282fb93cf7aa8817d947cc
polymer.native.min.js: bbc9619bd12d6b0e4069e60dc11f2fe40dba42a9
polymer.sandbox.min.js: b008faff8d069c45fe68d534eb1802355934ed26